[debug] [2023-02-04T06:18:56.359Z] ----------------------------------------------------------------------
[debug] [2023-02-04T06:18:56.361Z] Command:       C:\Program Files\nodejs\node.exe C:\Users\91914\AppData\Roaming\npm\node_modules\firebase-tools\lib\bin\firebase.js login
[debug] [2023-02-04T06:18:56.362Z] CLI Version:   11.22.0
[debug] [2023-02-04T06:18:56.362Z] Platform:      win32
[debug] [2023-02-04T06:18:56.362Z] Node Version:  v18.12.1
[debug] [2023-02-04T06:18:56.378Z] Time:          Sat Feb 04 2023 11:48:56 GMT+0530 (India Standard Time)
[debug] [2023-02-04T06:18:56.379Z] ----------------------------------------------------------------------
[debug] 
[debug] [2023-02-04T06:18:56.383Z] >>> [apiv2][query] GET https://firebase-public.firebaseio.com/cli.json [none]
[info] Already logged in as ak8871639@gmail.com
[debug] [2023-02-04T06:18:57.503Z] <<< [apiv2][status] GET https://firebase-public.firebaseio.com/cli.json 200
[debug] [2023-02-04T06:18:57.504Z] <<< [apiv2][body] GET https://firebase-public.firebaseio.com/cli.json {"cloudBuildErrorAfter":1594252800000,"cloudBuildWarnAfter":1590019200000,"defaultNode10After":1594252800000,"minVersion":"3.0.5","node8DeploysDisabledAfter":1613390400000,"node8RuntimeDisabledAfter":1615809600000,"node8WarnAfter":1600128000000}
[debug] [2023-02-04T06:19:06.522Z] Error: Timed out.
    at Timeout._onTimeout (C:\Users\91914\AppData\Roaming\npm\node_modules\firebase-tools\lib\utils.js:253:49)
    at listOnTimeout (node:internal/timers:564:17)
    at process.processTimers (node:internal/timers:507:7)
[error] 
[error] Error: An unexpected error has occurred.
[debug] [2023-02-04T06:19:54.429Z] ----------------------------------------------------------------------
[debug] [2023-02-04T06:19:54.430Z] Command:       C:\Program Files\nodejs\node.exe C:\Users\91914\AppData\Roaming\npm\node_modules\firebase-tools\lib\bin\firebase.js deploy
[debug] [2023-02-04T06:19:54.431Z] CLI Version:   11.22.0
[debug] [2023-02-04T06:19:54.431Z] Platform:      win32
[debug] [2023-02-04T06:19:54.431Z] Node Version:  v18.12.1
[debug] [2023-02-04T06:19:54.432Z] Time:          Sat Feb 04 2023 11:49:54 GMT+0530 (India Standard Time)
[debug] [2023-02-04T06:19:54.432Z] ----------------------------------------------------------------------
[debug] 
[debug] [2023-02-04T06:19:54.489Z] > command requires scopes: ["email","openid","https://www.googleapis.com/auth/cloudplatformprojects.readonly","https://www.googleapis.com/auth/firebase","https://www.googleapis.com/auth/cloud-platform"]
[debug] [2023-02-04T06:19:54.490Z] > authorizing via signed-in user (ak8871639@gmail.com)
[debug] [2023-02-04T06:19:54.490Z] [iam] checking project bookapp-bc906 for permissions ["firebase.projects.get","firebasehosting.sites.update"]
[debug] [2023-02-04T06:19:54.491Z] > refreshing access token with scopes: []
[debug] [2023-02-04T06:19:54.492Z] >>> [apiv2][query] POST https://www.googleapis.com/oauth2/v3/token [none]
[debug] [2023-02-04T06:19:54.492Z] >>> [apiv2][body] POST https://www.googleapis.com/oauth2/v3/token [omitted]
[debug] [2023-02-04T06:19:55.264Z] <<< [apiv2][status] POST https://www.googleapis.com/oauth2/v3/token 200
[debug] [2023-02-04T06:19:55.265Z] <<< [apiv2][body] POST https://www.googleapis.com/oauth2/v3/token [omitted]
[debug] [2023-02-04T06:19:55.286Z] >>> [apiv2][query] POST https://cloudresourcemanager.googleapis.com/v1/projects/bookapp-bc906:testIamPermissions [none]
[debug] [2023-02-04T06:19:55.287Z] >>> [apiv2][(partial)header] POST https://cloudresourcemanager.googleapis.com/v1/projects/bookapp-bc906:testIamPermissions x-goog-quota-user=projects/bookapp-bc906
[debug] [2023-02-04T06:19:55.287Z] >>> [apiv2][body] POST https://cloudresourcemanager.googleapis.com/v1/projects/bookapp-bc906:testIamPermissions {"permissions":["firebase.projects.get","firebasehosting.sites.update"]}
[debug] [2023-02-04T06:19:57.302Z] <<< [apiv2][status] POST https://cloudresourcemanager.googleapis.com/v1/projects/bookapp-bc906:testIamPermissions 200
[debug] [2023-02-04T06:19:57.302Z] <<< [apiv2][body] POST https://cloudresourcemanager.googleapis.com/v1/projects/bookapp-bc906:testIamPermissions {"permissions":["firebase.projects.get","firebasehosting.sites.update"]}
[debug] [2023-02-04T06:19:57.306Z] >>> [apiv2][query] GET https://firebase.googleapis.com/v1beta1/projects/bookapp-bc906 [none]
[debug] [2023-02-04T06:19:58.321Z] <<< [apiv2][status] GET https://firebase.googleapis.com/v1beta1/projects/bookapp-bc906 200
[debug] [2023-02-04T06:19:58.322Z] <<< [apiv2][body] GET https://firebase.googleapis.com/v1beta1/projects/bookapp-bc906 {"projectId":"bookapp-bc906","projectNumber":"405049868830","displayName":"googlebookapp","name":"projects/bookapp-bc906","resources":{"hostingSite":"bookapp-bc906"},"state":"ACTIVE","etag":"1_a970bb23-31aa-4176-af8f-7f4dbf9aa96e"}
[info] 
[info] === Deploying to 'bookapp-bc906'...
[info] 
[info] i  deploying hosting 
[debug] [2023-02-04T06:19:58.338Z] >>> [apiv2][query] POST https://firebasehosting.googleapis.com/v1beta1/projects/-/sites/bookapp-bc906/versions [none]
[debug] [2023-02-04T06:19:58.339Z] >>> [apiv2][body] POST https://firebasehosting.googleapis.com/v1beta1/projects/-/sites/bookapp-bc906/versions {"status":"CREATED","labels":{"deployment-tool":"cli-firebase"}}
[debug] [2023-02-04T06:20:00.368Z] <<< [apiv2][status] POST https://firebasehosting.googleapis.com/v1beta1/projects/-/sites/bookapp-bc906/versions 200
[debug] [2023-02-04T06:20:00.369Z] <<< [apiv2][body] POST https://firebasehosting.googleapis.com/v1beta1/projects/-/sites/bookapp-bc906/versions {"name":"projects/405049868830/sites/bookapp-bc906/versions/ae6c2f8101fd0dea","status":"CREATED","config":{},"labels":{"deployment-tool":"cli-firebase"}}
[info] i  hosting[bookapp-bc906]: beginning deploy... 
[info] i  hosting[bookapp-bc906]: found 15 files in build 
[debug] [2023-02-04T06:20:19.487Z] [hosting] uploading with 200 concurrency
[debug] [2023-02-04T06:20:19.640Z] [hosting] hash cache [YnVpbGQ] stored for 15 files
[debug] [2023-02-04T06:20:19.641Z] [hosting][hash queue][FINAL] {"max":135,"min":6,"avg":26.6,"active":0,"complete":15,"success":15,"errored":0,"retried":0,"total":15,"elapsed":147}
[debug] [2023-02-04T06:20:19.641Z] >>> [apiv2][query] POST https://firebasehosting.googleapis.com/v1beta1/projects/405049868830/sites/bookapp-bc906/versions/ae6c2f8101fd0dea:populateFiles [none]
[debug] [2023-02-04T06:20:19.641Z] >>> [apiv2][body] POST https://firebasehosting.googleapis.com/v1beta1/projects/405049868830/sites/bookapp-bc906/versions/ae6c2f8101fd0dea:populateFiles {"files":{"/favicon.ico":"eae62e993eb980ec8a25058c39d5a51feab118bd2100c4deebb2a9c158ec11f9","/logo192.png":"3ee59515172ee198f3be375979df15ac5345183e656720a381b8872b2a39dc8b","/logo512.png":"ee7e2f3fdb8209c4b6fd7bef6ba50d1b9dba30a25bb5c3126df057e1cb6f5331","/manifest.json":"aff3449bdc238776f5d6d967f19ec491b36aed5fb7f23ccff6500736fd58494a","/robots.txt":"bfe106a3fb878dc83461c86818bf74fc1bdc7f28538ba613cd3e775516ce8b49","/asset-manifest.json":"6c776fc3e34ed3040a56995e454322faffd9714b24b13485e5da6ab468e2d497","/index.html":"6f690c3e871d13939d44efe308bc3cae8b4c7e0c461ffd43c0103193666c591f","/static/js/787.f5db70bc.chunk.js":"81357b082cd1df9a033919889f30a8451f9387c33a97ed9262e724c742933aaa","/static/js/main.7f690b42.js.LICENSE.txt":"976dbd7959365ef7e9cf4ca4d0a89827ca0f29314c7e306e33ccc3e7c14ba767","/static/js/787.f5db70bc.chunk.js.map":"7f08e7f4fc93f5dc531253f5ca3b94bf507fcef5b548af02bef65924f88418b3","/static/media/logo.6ce24c58023cc2f8fd88fe9d219db6c6.svg":"ac1a3d8899432561573d6a5cf56459437c09b902599a1deb91c0f8d4bb40459d","/static/css/main.68841a8d.css":"b2256f2b760dddad50b985e50b2ee218a8f4761f4bc4c328f0ddcad569713a33","/static/js/main.7f690b42.js":"7006c6068d13ef42f7515ca88ff51d29f460a04bd2cf277b5565ef4a10e38eab","/static/css/main.68841a8d.css.map":"40dfbce447d39af926d17d34db8c408d0d94412816e02b5d4a892dee5e297aca","/static/js/main.7f690b42.js.map":"0cef8bccce86d15ec15a603215b1c7c78362f218e5c23380d0aece2ccc05ada2"}}
[debug] [2023-02-04T06:20:21.463Z] <<< [apiv2][status] POST https://firebasehosting.googleapis.com/v1beta1/projects/405049868830/sites/bookapp-bc906/versions/ae6c2f8101fd0dea:populateFiles 200
[debug] [2023-02-04T06:20:21.463Z] <<< [apiv2][body] POST https://firebasehosting.googleapis.com/v1beta1/projects/405049868830/sites/bookapp-bc906/versions/ae6c2f8101fd0dea:populateFiles {"uploadRequiredHashes":["6f690c3e871d13939d44efe308bc3cae8b4c7e0c461ffd43c0103193666c591f","0cef8bccce86d15ec15a603215b1c7c78362f218e5c23380d0aece2ccc05ada2","7006c6068d13ef42f7515ca88ff51d29f460a04bd2cf277b5565ef4a10e38eab","6c776fc3e34ed3040a56995e454322faffd9714b24b13485e5da6ab468e2d497"],"uploadUrl":"https://upload-firebasehosting.googleapis.com/upload/sites/bookapp-bc906/versions/ae6c2f8101fd0dea/files"}
[debug] [2023-02-04T06:20:21.468Z] >>> [apiv2][query] POST https://upload-firebasehosting.googleapis.com/upload/sites/bookapp-bc906/versions/ae6c2f8101fd0dea/files/6f690c3e871d13939d44efe308bc3cae8b4c7e0c461ffd43c0103193666c591f [none]
[debug] [2023-02-04T06:20:21.469Z] >>> [apiv2][body] POST https://upload-firebasehosting.googleapis.com/upload/sites/bookapp-bc906/versions/ae6c2f8101fd0dea/files/6f690c3e871d13939d44efe308bc3cae8b4c7e0c461ffd43c0103193666c591f [stream]
[debug] [2023-02-04T06:20:21.473Z] >>> [apiv2][query] POST https://upload-firebasehosting.googleapis.com/upload/sites/bookapp-bc906/versions/ae6c2f8101fd0dea/files/0cef8bccce86d15ec15a603215b1c7c78362f218e5c23380d0aece2ccc05ada2 [none]
[debug] [2023-02-04T06:20:21.473Z] >>> [apiv2][body] POST https://upload-firebasehosting.googleapis.com/upload/sites/bookapp-bc906/versions/ae6c2f8101fd0dea/files/0cef8bccce86d15ec15a603215b1c7c78362f218e5c23380d0aece2ccc05ada2 [stream]
[debug] [2023-02-04T06:20:21.476Z] >>> [apiv2][query] POST https://upload-firebasehosting.googleapis.com/upload/sites/bookapp-bc906/versions/ae6c2f8101fd0dea/files/7006c6068d13ef42f7515ca88ff51d29f460a04bd2cf277b5565ef4a10e38eab [none]
[debug] [2023-02-04T06:20:21.477Z] >>> [apiv2][body] POST https://upload-firebasehosting.googleapis.com/upload/sites/bookapp-bc906/versions/ae6c2f8101fd0dea/files/7006c6068d13ef42f7515ca88ff51d29f460a04bd2cf277b5565ef4a10e38eab [stream]
[debug] [2023-02-04T06:20:21.479Z] >>> [apiv2][query] POST https://upload-firebasehosting.googleapis.com/upload/sites/bookapp-bc906/versions/ae6c2f8101fd0dea/files/6c776fc3e34ed3040a56995e454322faffd9714b24b13485e5da6ab468e2d497 [none]
[debug] [2023-02-04T06:20:21.480Z] >>> [apiv2][body] POST https://upload-firebasehosting.googleapis.com/upload/sites/bookapp-bc906/versions/ae6c2f8101fd0dea/files/6c776fc3e34ed3040a56995e454322faffd9714b24b13485e5da6ab468e2d497 [stream]
[debug] [2023-02-04T06:20:21.482Z] [hosting][populate queue][FINAL] {"max":1827,"min":1827,"avg":1827,"active":0,"complete":1,"success":1,"errored":0,"retried":0,"total":1,"elapsed":1843}
[debug] [2023-02-04T06:20:21.482Z] [hosting] uploads queued: 4
[debug] [2023-02-04T06:20:24.159Z] <<< [apiv2][status] POST https://upload-firebasehosting.googleapis.com/upload/sites/bookapp-bc906/versions/ae6c2f8101fd0dea/files/6c776fc3e34ed3040a56995e454322faffd9714b24b13485e5da6ab468e2d497 200
[debug] [2023-02-04T06:20:24.159Z] <<< [apiv2][body] POST https://upload-firebasehosting.googleapis.com/upload/sites/bookapp-bc906/versions/ae6c2f8101fd0dea/files/6c776fc3e34ed3040a56995e454322faffd9714b24b13485e5da6ab468e2d497 [stream]
[debug] [2023-02-04T06:20:24.161Z] <<< [apiv2][status] POST https://upload-firebasehosting.googleapis.com/upload/sites/bookapp-bc906/versions/ae6c2f8101fd0dea/files/6f690c3e871d13939d44efe308bc3cae8b4c7e0c461ffd43c0103193666c591f 200
[debug] [2023-02-04T06:20:24.161Z] <<< [apiv2][body] POST https://upload-firebasehosting.googleapis.com/upload/sites/bookapp-bc906/versions/ae6c2f8101fd0dea/files/6f690c3e871d13939d44efe308bc3cae8b4c7e0c461ffd43c0103193666c591f [stream]
[debug] [2023-02-04T06:20:24.638Z] <<< [apiv2][status] POST https://upload-firebasehosting.googleapis.com/upload/sites/bookapp-bc906/versions/ae6c2f8101fd0dea/files/7006c6068d13ef42f7515ca88ff51d29f460a04bd2cf277b5565ef4a10e38eab 200
[debug] [2023-02-04T06:20:24.639Z] <<< [apiv2][body] POST https://upload-firebasehosting.googleapis.com/upload/sites/bookapp-bc906/versions/ae6c2f8101fd0dea/files/7006c6068d13ef42f7515ca88ff51d29f460a04bd2cf277b5565ef4a10e38eab [stream]
[debug] [2023-02-04T06:20:26.887Z] <<< [apiv2][status] POST https://upload-firebasehosting.googleapis.com/upload/sites/bookapp-bc906/versions/ae6c2f8101fd0dea/files/0cef8bccce86d15ec15a603215b1c7c78362f218e5c23380d0aece2ccc05ada2 200
[debug] [2023-02-04T06:20:26.888Z] <<< [apiv2][body] POST https://upload-firebasehosting.googleapis.com/upload/sites/bookapp-bc906/versions/ae6c2f8101fd0dea/files/0cef8bccce86d15ec15a603215b1c7c78362f218e5c23380d0aece2ccc05ada2 [stream]
[debug] [2023-02-04T06:20:26.888Z] [hosting][upload queue][FINAL] {"max":5423,"min":2693,"avg":3496.75,"active":0,"complete":4,"success":4,"errored":0,"retried":0,"total":4,"elapsed":5424}
[info] +  hosting[bookapp-bc906]: file upload complete 
[debug] [2023-02-04T06:20:26.891Z] [hosting] deploy completed after 7423ms
[debug] [2023-02-04T06:20:26.896Z] [
  {
    "config": {
      "public": "build",
      "ignore": [
        "firebase.json",
        "**/.*",
        "**/node_modules/**"
      ],
      "rewrites": [
        {
          "source": "**",
          "destination": "/index.html"
        }
      ],
      "site": "bookapp-bc906"
    },
    "version": "projects/405049868830/sites/bookapp-bc906/versions/ae6c2f8101fd0dea"
  }
]
[info] i  hosting[bookapp-bc906]: finalizing version... 
[debug] [2023-02-04T06:20:26.905Z] >>> [apiv2][query] PATCH https://firebasehosting.googleapis.com/v1beta1/projects/-/sites/bookapp-bc906/versions/ae6c2f8101fd0dea updateMask=status%2Cconfig
[debug] [2023-02-04T06:20:26.905Z] >>> [apiv2][body] PATCH https://firebasehosting.googleapis.com/v1beta1/projects/-/sites/bookapp-bc906/versions/ae6c2f8101fd0dea {"status":"FINALIZED","config":{"rewrites":[{"glob":"**","path":"/index.html"}]}}
[debug] [2023-02-04T06:20:28.428Z] <<< [apiv2][status] PATCH https://firebasehosting.googleapis.com/v1beta1/projects/-/sites/bookapp-bc906/versions/ae6c2f8101fd0dea 200
[debug] [2023-02-04T06:20:28.428Z] <<< [apiv2][body] PATCH https://firebasehosting.googleapis.com/v1beta1/projects/-/sites/bookapp-bc906/versions/ae6c2f8101fd0dea {"name":"projects/405049868830/sites/bookapp-bc906/versions/ae6c2f8101fd0dea","status":"FINALIZED","config":{"rewrites":[{"glob":"**","path":"/index.html"}]},"labels":{"deployment-tool":"cli-firebase"},"createTime":"2023-02-04T06:19:59.374167Z","createUser":{"email":"ak8871639@gmail.com"},"finalizeTime":"2023-02-04T06:20:27.642686Z","finalizeUser":{"email":"ak8871639@gmail.com"}}
[debug] [2023-02-04T06:20:28.428Z] [hosting] finalized version for bookapp-bc906:[object Object]
[info] +  hosting[bookapp-bc906]: version finalized 
[info] i  hosting[bookapp-bc906]: releasing new version... 
[debug] [2023-02-04T06:20:28.431Z] >>> [apiv2][query] POST https://firebasehosting.googleapis.com/v1beta1/projects/-/sites/bookapp-bc906/channels/live/releases versionName=projects%2F405049868830%2Fsites%2Fbookapp-bc906%2Fversions%2Fae6c2f8101fd0dea
[debug] [2023-02-04T06:20:28.431Z] >>> [apiv2][body] POST https://firebasehosting.googleapis.com/v1beta1/projects/-/sites/bookapp-bc906/channels/live/releases {}
[debug] [2023-02-04T06:20:30.066Z] <<< [apiv2][status] POST https://firebasehosting.googleapis.com/v1beta1/projects/-/sites/bookapp-bc906/channels/live/releases 200
[debug] [2023-02-04T06:20:30.066Z] <<< [apiv2][body] POST https://firebasehosting.googleapis.com/v1beta1/projects/-/sites/bookapp-bc906/channels/live/releases {"name":"projects/405049868830/sites/bookapp-bc906/channels/live/releases/1675491628755000","version":{"name":"projects/405049868830/sites/bookapp-bc906/versions/ae6c2f8101fd0dea","status":"FINALIZED","config":{"rewrites":[{"glob":"**","path":"/index.html"}]},"labels":{"deployment-tool":"cli-firebase"},"createTime":"2023-02-04T06:19:59.374167Z","createUser":{"email":"ak8871639@gmail.com","imageUrl":"https://lh3.googleusercontent.com/a/AEdFTp6eS2BJ5UC3TJXWdqalqv7QWh2awYDAqSPP7GbH=mo"},"finalizeTime":"2023-02-04T06:20:27.642686Z","finalizeUser":{"email":"ak8871639@gmail.com","imageUrl":"https://lh3.googleusercontent.com/a/AEdFTp6eS2BJ5UC3TJXWdqalqv7QWh2awYDAqSPP7GbH=mo"}},"type":"DEPLOY","releaseTime":"2023-02-04T06:20:28.755Z","releaseUser":{"email":"ak8871639@gmail.com","imageUrl":"https://lh3.googleusercontent.com/a/AEdFTp6eS2BJ5UC3TJXWdqalqv7QWh2awYDAqSPP7GbH=mo"}}
[debug] [2023-02-04T06:20:30.066Z] [hosting] release: {"name":"projects/405049868830/sites/bookapp-bc906/channels/live/releases/1675491628755000","version":{"name":"projects/405049868830/sites/bookapp-bc906/versions/ae6c2f8101fd0dea","status":"FINALIZED","config":{"rewrites":[{"glob":"**","path":"/index.html"}]},"labels":{"deployment-tool":"cli-firebase"},"createTime":"2023-02-04T06:19:59.374167Z","createUser":{"email":"ak8871639@gmail.com","imageUrl":"https://lh3.googleusercontent.com/a/AEdFTp6eS2BJ5UC3TJXWdqalqv7QWh2awYDAqSPP7GbH=mo"},"finalizeTime":"2023-02-04T06:20:27.642686Z","finalizeUser":{"email":"ak8871639@gmail.com","imageUrl":"https://lh3.googleusercontent.com/a/AEdFTp6eS2BJ5UC3TJXWdqalqv7QWh2awYDAqSPP7GbH=mo"}},"type":"DEPLOY","releaseTime":"2023-02-04T06:20:28.755Z","releaseUser":{"email":"ak8871639@gmail.com","imageUrl":"https://lh3.googleusercontent.com/a/AEdFTp6eS2BJ5UC3TJXWdqalqv7QWh2awYDAqSPP7GbH=mo"}}
[info] +  hosting[bookapp-bc906]: release complete 
[info] 
[info] +  Deploy complete! 
[info] 
[info] Project Console: https://console.firebase.google.com/project/bookapp-bc906/overview
[info] Hosting URL: https://bookapp-bc906.web.app
[debug] [2023-02-04T06:21:01.158Z] Error: Timed out.
    at Timeout._onTimeout (C:\Users\91914\AppData\Roaming\npm\node_modules\firebase-tools\lib\utils.js:253:49)
    at listOnTimeout (node:internal/timers:564:17)
    at process.processTimers (node:internal/timers:507:7)
[error] 
[error] Error: An unexpected error has occurred.
[debug] [2023-02-04T06:24:28.881Z] ----------------------------------------------------------------------
[debug] [2023-02-04T06:24:28.883Z] Command:       C:\Program Files\nodejs\node.exe C:\Users\91914\AppData\Roaming\npm\node_modules\firebase-tools\lib\bin\firebase.js deploy
[debug] [2023-02-04T06:24:28.883Z] CLI Version:   11.22.0
[debug] [2023-02-04T06:24:28.883Z] Platform:      win32
[debug] [2023-02-04T06:24:28.883Z] Node Version:  v18.12.1
[debug] [2023-02-04T06:24:28.884Z] Time:          Sat Feb 04 2023 11:54:28 GMT+0530 (India Standard Time)
[debug] [2023-02-04T06:24:28.884Z] ----------------------------------------------------------------------
[debug] 
[debug] [2023-02-04T06:24:28.937Z] > command requires scopes: ["email","openid","https://www.googleapis.com/auth/cloudplatformprojects.readonly","https://www.googleapis.com/auth/firebase","https://www.googleapis.com/auth/cloud-platform"]
[debug] [2023-02-04T06:24:28.938Z] > authorizing via signed-in user (ak8871639@gmail.com)
[debug] [2023-02-04T06:24:28.938Z] [iam] checking project bookapp-bc906 for permissions ["firebase.projects.get","firebasehosting.sites.update"]
[debug] [2023-02-04T06:24:28.939Z] >>> [apiv2][query] POST https://cloudresourcemanager.googleapis.com/v1/projects/bookapp-bc906:testIamPermissions [none]
[debug] [2023-02-04T06:24:28.940Z] >>> [apiv2][(partial)header] POST https://cloudresourcemanager.googleapis.com/v1/projects/bookapp-bc906:testIamPermissions x-goog-quota-user=projects/bookapp-bc906
[debug] [2023-02-04T06:24:28.940Z] >>> [apiv2][body] POST https://cloudresourcemanager.googleapis.com/v1/projects/bookapp-bc906:testIamPermissions {"permissions":["firebase.projects.get","firebasehosting.sites.update"]}
[debug] [2023-02-04T06:24:30.928Z] <<< [apiv2][status] POST https://cloudresourcemanager.googleapis.com/v1/projects/bookapp-bc906:testIamPermissions 200
[debug] [2023-02-04T06:24:30.929Z] <<< [apiv2][body] POST https://cloudresourcemanager.googleapis.com/v1/projects/bookapp-bc906:testIamPermissions {"permissions":["firebase.projects.get","firebasehosting.sites.update"]}
[debug] [2023-02-04T06:24:30.931Z] >>> [apiv2][query] GET https://firebase.googleapis.com/v1beta1/projects/bookapp-bc906 [none]
[debug] [2023-02-04T06:24:31.835Z] <<< [apiv2][status] GET https://firebase.googleapis.com/v1beta1/projects/bookapp-bc906 200
[debug] [2023-02-04T06:24:31.836Z] <<< [apiv2][body] GET https://firebase.googleapis.com/v1beta1/projects/bookapp-bc906 {"projectId":"bookapp-bc906","projectNumber":"405049868830","displayName":"googlebookapp","name":"projects/bookapp-bc906","resources":{"hostingSite":"bookapp-bc906"},"state":"ACTIVE","etag":"1_a970bb23-31aa-4176-af8f-7f4dbf9aa96e"}
[info] 
[info] === Deploying to 'bookapp-bc906'...
[info] 
[info] i  deploying hosting 
[debug] [2023-02-04T06:24:31.848Z] >>> [apiv2][query] POST https://firebasehosting.googleapis.com/v1beta1/projects/-/sites/bookapp-bc906/versions [none]
[debug] [2023-02-04T06:24:31.848Z] >>> [apiv2][body] POST https://firebasehosting.googleapis.com/v1beta1/projects/-/sites/bookapp-bc906/versions {"status":"CREATED","labels":{"deployment-tool":"cli-firebase"}}
[debug] [2023-02-04T06:24:33.472Z] <<< [apiv2][status] POST https://firebasehosting.googleapis.com/v1beta1/projects/-/sites/bookapp-bc906/versions 200
[debug] [2023-02-04T06:24:33.472Z] <<< [apiv2][body] POST https://firebasehosting.googleapis.com/v1beta1/projects/-/sites/bookapp-bc906/versions {"name":"projects/405049868830/sites/bookapp-bc906/versions/d41bbefdb68337e1","status":"CREATED","config":{},"labels":{"deployment-tool":"cli-firebase"}}
[info] i  hosting[bookapp-bc906]: beginning deploy... 
[info] i  hosting[bookapp-bc906]: found 15 files in build 
[debug] [2023-02-04T06:24:53.037Z] [hosting] uploading with 200 concurrency
[debug] [2023-02-04T06:24:53.204Z] [hosting] hash cache [YnVpbGQ] stored for 15 files
[debug] [2023-02-04T06:24:53.204Z] [hosting][hash queue][FINAL] {"max":139,"min":9,"avg":33.4,"active":0,"complete":15,"success":15,"errored":0,"retried":0,"total":15,"elapsed":158}
[debug] [2023-02-04T06:24:53.204Z] >>> [apiv2][query] POST https://firebasehosting.googleapis.com/v1beta1/projects/405049868830/sites/bookapp-bc906/versions/d41bbefdb68337e1:populateFiles [none]
[debug] [2023-02-04T06:24:53.204Z] >>> [apiv2][body] POST https://firebasehosting.googleapis.com/v1beta1/projects/405049868830/sites/bookapp-bc906/versions/d41bbefdb68337e1:populateFiles {"files":{"/favicon.ico":"eae62e993eb980ec8a25058c39d5a51feab118bd2100c4deebb2a9c158ec11f9","/logo192.png":"3ee59515172ee198f3be375979df15ac5345183e656720a381b8872b2a39dc8b","/logo512.png":"ee7e2f3fdb8209c4b6fd7bef6ba50d1b9dba30a25bb5c3126df057e1cb6f5331","/manifest.json":"aff3449bdc238776f5d6d967f19ec491b36aed5fb7f23ccff6500736fd58494a","/robots.txt":"bfe106a3fb878dc83461c86818bf74fc1bdc7f28538ba613cd3e775516ce8b49","/asset-manifest.json":"7d0e593d8e9f62e4d2a3f12a19db1a6bcef14f954aa7efa6eab9124a8d85d3d8","/index.html":"970d719f8688533cc8e296cf778b0d05175c0a79711d635a523c923e8e415fe8","/static/js/787.f5db70bc.chunk.js":"81357b082cd1df9a033919889f30a8451f9387c33a97ed9262e724c742933aaa","/static/js/787.f5db70bc.chunk.js.map":"7f08e7f4fc93f5dc531253f5ca3b94bf507fcef5b548af02bef65924f88418b3","/static/js/main.e581980c.js.LICENSE.txt":"976dbd7959365ef7e9cf4ca4d0a89827ca0f29314c7e306e33ccc3e7c14ba767","/static/media/logo.6ce24c58023cc2f8fd88fe9d219db6c6.svg":"ac1a3d8899432561573d6a5cf56459437c09b902599a1deb91c0f8d4bb40459d","/static/css/main.68841a8d.css":"b2256f2b760dddad50b985e50b2ee218a8f4761f4bc4c328f0ddcad569713a33","/static/js/main.e581980c.js":"47955d1fdb5a1d8f064420ed916221785d5a32758546eb3a23a8e8ceaedfc890","/static/css/main.68841a8d.css.map":"40dfbce447d39af926d17d34db8c408d0d94412816e02b5d4a892dee5e297aca","/static/js/main.e581980c.js.map":"533f7099e01295022a0732f8d6c3297833d4ed70cff82d528dc3d150ba44a7a8"}}
[debug] [2023-02-04T06:24:54.894Z] <<< [apiv2][status] POST https://firebasehosting.googleapis.com/v1beta1/projects/405049868830/sites/bookapp-bc906/versions/d41bbefdb68337e1:populateFiles 200
[debug] [2023-02-04T06:24:54.894Z] <<< [apiv2][body] POST https://firebasehosting.googleapis.com/v1beta1/projects/405049868830/sites/bookapp-bc906/versions/d41bbefdb68337e1:populateFiles {"uploadRequiredHashes":["533f7099e01295022a0732f8d6c3297833d4ed70cff82d528dc3d150ba44a7a8","970d719f8688533cc8e296cf778b0d05175c0a79711d635a523c923e8e415fe8","47955d1fdb5a1d8f064420ed916221785d5a32758546eb3a23a8e8ceaedfc890","7d0e593d8e9f62e4d2a3f12a19db1a6bcef14f954aa7efa6eab9124a8d85d3d8"],"uploadUrl":"https://upload-firebasehosting.googleapis.com/upload/sites/bookapp-bc906/versions/d41bbefdb68337e1/files"}
[debug] [2023-02-04T06:24:54.897Z] >>> [apiv2][query] POST https://upload-firebasehosting.googleapis.com/upload/sites/bookapp-bc906/versions/d41bbefdb68337e1/files/533f7099e01295022a0732f8d6c3297833d4ed70cff82d528dc3d150ba44a7a8 [none]
[debug] [2023-02-04T06:24:54.897Z] >>> [apiv2][body] POST https://upload-firebasehosting.googleapis.com/upload/sites/bookapp-bc906/versions/d41bbefdb68337e1/files/533f7099e01295022a0732f8d6c3297833d4ed70cff82d528dc3d150ba44a7a8 [stream]
[debug] [2023-02-04T06:24:54.900Z] >>> [apiv2][query] POST https://upload-firebasehosting.googleapis.com/upload/sites/bookapp-bc906/versions/d41bbefdb68337e1/files/970d719f8688533cc8e296cf778b0d05175c0a79711d635a523c923e8e415fe8 [none]
[debug] [2023-02-04T06:24:54.900Z] >>> [apiv2][body] POST https://upload-firebasehosting.googleapis.com/upload/sites/bookapp-bc906/versions/d41bbefdb68337e1/files/970d719f8688533cc8e296cf778b0d05175c0a79711d635a523c923e8e415fe8 [stream]
[debug] [2023-02-04T06:24:54.903Z] >>> [apiv2][query] POST https://upload-firebasehosting.googleapis.com/upload/sites/bookapp-bc906/versions/d41bbefdb68337e1/files/47955d1fdb5a1d8f064420ed916221785d5a32758546eb3a23a8e8ceaedfc890 [none]
[debug] [2023-02-04T06:24:54.903Z] >>> [apiv2][body] POST https://upload-firebasehosting.googleapis.com/upload/sites/bookapp-bc906/versions/d41bbefdb68337e1/files/47955d1fdb5a1d8f064420ed916221785d5a32758546eb3a23a8e8ceaedfc890 [stream]
[debug] [2023-02-04T06:24:54.905Z] >>> [apiv2][query] POST https://upload-firebasehosting.googleapis.com/upload/sites/bookapp-bc906/versions/d41bbefdb68337e1/files/7d0e593d8e9f62e4d2a3f12a19db1a6bcef14f954aa7efa6eab9124a8d85d3d8 [none]
[debug] [2023-02-04T06:24:54.905Z] >>> [apiv2][body] POST https://upload-firebasehosting.googleapis.com/upload/sites/bookapp-bc906/versions/d41bbefdb68337e1/files/7d0e593d8e9f62e4d2a3f12a19db1a6bcef14f954aa7efa6eab9124a8d85d3d8 [stream]
[debug] [2023-02-04T06:24:54.907Z] [hosting][populate queue][FINAL] {"max":1695,"min":1695,"avg":1695,"active":0,"complete":1,"success":1,"errored":0,"retried":0,"total":1,"elapsed":1705}
[debug] [2023-02-04T06:24:54.907Z] [hosting] uploads queued: 4
[debug] [2023-02-04T06:24:57.779Z] <<< [apiv2][status] POST https://upload-firebasehosting.googleapis.com/upload/sites/bookapp-bc906/versions/d41bbefdb68337e1/files/7d0e593d8e9f62e4d2a3f12a19db1a6bcef14f954aa7efa6eab9124a8d85d3d8 200
[debug] [2023-02-04T06:24:57.779Z] <<< [apiv2][body] POST https://upload-firebasehosting.googleapis.com/upload/sites/bookapp-bc906/versions/d41bbefdb68337e1/files/7d0e593d8e9f62e4d2a3f12a19db1a6bcef14f954aa7efa6eab9124a8d85d3d8 [stream]
[debug] [2023-02-04T06:24:59.072Z] <<< [apiv2][status] POST https://upload-firebasehosting.googleapis.com/upload/sites/bookapp-bc906/versions/d41bbefdb68337e1/files/970d719f8688533cc8e296cf778b0d05175c0a79711d635a523c923e8e415fe8 200
[debug] [2023-02-04T06:24:59.073Z] <<< [apiv2][body] POST https://upload-firebasehosting.googleapis.com/upload/sites/bookapp-bc906/versions/d41bbefdb68337e1/files/970d719f8688533cc8e296cf778b0d05175c0a79711d635a523c923e8e415fe8 [stream]
[debug] [2023-02-04T06:24:59.582Z] <<< [apiv2][status] POST https://upload-firebasehosting.googleapis.com/upload/sites/bookapp-bc906/versions/d41bbefdb68337e1/files/47955d1fdb5a1d8f064420ed916221785d5a32758546eb3a23a8e8ceaedfc890 200
[debug] [2023-02-04T06:24:59.583Z] <<< [apiv2][body] POST https://upload-firebasehosting.googleapis.com/upload/sites/bookapp-bc906/versions/d41bbefdb68337e1/files/47955d1fdb5a1d8f064420ed916221785d5a32758546eb3a23a8e8ceaedfc890 [stream]
[debug] [2023-02-04T06:25:03.166Z] <<< [apiv2][status] POST https://upload-firebasehosting.googleapis.com/upload/sites/bookapp-bc906/versions/d41bbefdb68337e1/files/533f7099e01295022a0732f8d6c3297833d4ed70cff82d528dc3d150ba44a7a8 200
[debug] [2023-02-04T06:25:03.167Z] <<< [apiv2][body] POST https://upload-firebasehosting.googleapis.com/upload/sites/bookapp-bc906/versions/d41bbefdb68337e1/files/533f7099e01295022a0732f8d6c3297833d4ed70cff82d528dc3d150ba44a7a8 [stream]
[debug] [2023-02-04T06:25:03.167Z] [hosting][upload queue][FINAL] {"max":8273,"min":2883,"avg":5005.75,"active":0,"complete":4,"success":4,"errored":0,"retried":0,"total":4,"elapsed":8273}
[info] +  hosting[bookapp-bc906]: file upload complete 
[debug] [2023-02-04T06:25:03.171Z] [hosting] deploy completed after 10164ms
[debug] [2023-02-04T06:25:03.177Z] [
  {
    "config": {
      "public": "build",
      "ignore": [
        "firebase.json",
        "**/.*",
        "**/node_modules/**"
      ],
      "rewrites": [
        {
          "source": "**",
          "destination": "/index.html"
        }
      ],
      "site": "bookapp-bc906"
    },
    "version": "projects/405049868830/sites/bookapp-bc906/versions/d41bbefdb68337e1"
  }
]
[info] i  hosting[bookapp-bc906]: finalizing version... 
[debug] [2023-02-04T06:25:03.186Z] >>> [apiv2][query] PATCH https://firebasehosting.googleapis.com/v1beta1/projects/-/sites/bookapp-bc906/versions/d41bbefdb68337e1 updateMask=status%2Cconfig
[debug] [2023-02-04T06:25:03.186Z] >>> [apiv2][body] PATCH https://firebasehosting.googleapis.com/v1beta1/projects/-/sites/bookapp-bc906/versions/d41bbefdb68337e1 {"status":"FINALIZED","config":{"rewrites":[{"glob":"**","path":"/index.html"}]}}
[debug] [2023-02-04T06:25:09.005Z] <<< [apiv2][status] PATCH https://firebasehosting.googleapis.com/v1beta1/projects/-/sites/bookapp-bc906/versions/d41bbefdb68337e1 200
[debug] [2023-02-04T06:25:09.005Z] <<< [apiv2][body] PATCH https://firebasehosting.googleapis.com/v1beta1/projects/-/sites/bookapp-bc906/versions/d41bbefdb68337e1 {"name":"projects/405049868830/sites/bookapp-bc906/versions/d41bbefdb68337e1","status":"FINALIZED","config":{"rewrites":[{"glob":"**","path":"/index.html"}]},"labels":{"deployment-tool":"cli-firebase"},"createTime":"2023-02-04T06:24:32.452258Z","createUser":{"email":"ak8871639@gmail.com"},"finalizeTime":"2023-02-04T06:25:08.318602Z","finalizeUser":{"email":"ak8871639@gmail.com"}}
[debug] [2023-02-04T06:25:09.006Z] [hosting] finalized version for bookapp-bc906:[object Object]
[info] +  hosting[bookapp-bc906]: version finalized 
[info] i  hosting[bookapp-bc906]: releasing new version... 
[debug] [2023-02-04T06:25:09.009Z] >>> [apiv2][query] POST https://firebasehosting.googleapis.com/v1beta1/projects/-/sites/bookapp-bc906/channels/live/releases versionName=projects%2F405049868830%2Fsites%2Fbookapp-bc906%2Fversions%2Fd41bbefdb68337e1
[debug] [2023-02-04T06:25:09.009Z] >>> [apiv2][body] POST https://firebasehosting.googleapis.com/v1beta1/projects/-/sites/bookapp-bc906/channels/live/releases {}
[debug] [2023-02-04T06:25:16.788Z] <<< [apiv2][status] POST https://firebasehosting.googleapis.com/v1beta1/projects/-/sites/bookapp-bc906/channels/live/releases 200
[debug] [2023-02-04T06:25:16.788Z] <<< [apiv2][body] POST https://firebasehosting.googleapis.com/v1beta1/projects/-/sites/bookapp-bc906/channels/live/releases {"name":"projects/405049868830/sites/bookapp-bc906/channels/live/releases/1675491915441000","version":{"name":"projects/405049868830/sites/bookapp-bc906/versions/d41bbefdb68337e1","status":"FINALIZED","config":{"rewrites":[{"glob":"**","path":"/index.html"}]},"labels":{"deployment-tool":"cli-firebase"},"createTime":"2023-02-04T06:24:32.452258Z","createUser":{"email":"ak8871639@gmail.com","imageUrl":"https://lh3.googleusercontent.com/a/AEdFTp6eS2BJ5UC3TJXWdqalqv7QWh2awYDAqSPP7GbH=mo"},"finalizeTime":"2023-02-04T06:25:08.318602Z","finalizeUser":{"email":"ak8871639@gmail.com","imageUrl":"https://lh3.googleusercontent.com/a/AEdFTp6eS2BJ5UC3TJXWdqalqv7QWh2awYDAqSPP7GbH=mo"}},"type":"DEPLOY","releaseTime":"2023-02-04T06:25:15.441Z","releaseUser":{"email":"ak8871639@gmail.com","imageUrl":"https://lh3.googleusercontent.com/a/AEdFTp6eS2BJ5UC3TJXWdqalqv7QWh2awYDAqSPP7GbH=mo"}}
[debug] [2023-02-04T06:25:16.788Z] [hosting] release: {"name":"projects/405049868830/sites/bookapp-bc906/channels/live/releases/1675491915441000","version":{"name":"projects/405049868830/sites/bookapp-bc906/versions/d41bbefdb68337e1","status":"FINALIZED","config":{"rewrites":[{"glob":"**","path":"/index.html"}]},"labels":{"deployment-tool":"cli-firebase"},"createTime":"2023-02-04T06:24:32.452258Z","createUser":{"email":"ak8871639@gmail.com","imageUrl":"https://lh3.googleusercontent.com/a/AEdFTp6eS2BJ5UC3TJXWdqalqv7QWh2awYDAqSPP7GbH=mo"},"finalizeTime":"2023-02-04T06:25:08.318602Z","finalizeUser":{"email":"ak8871639@gmail.com","imageUrl":"https://lh3.googleusercontent.com/a/AEdFTp6eS2BJ5UC3TJXWdqalqv7QWh2awYDAqSPP7GbH=mo"}},"type":"DEPLOY","releaseTime":"2023-02-04T06:25:15.441Z","releaseUser":{"email":"ak8871639@gmail.com","imageUrl":"https://lh3.googleusercontent.com/a/AEdFTp6eS2BJ5UC3TJXWdqalqv7QWh2awYDAqSPP7GbH=mo"}}
[info] +  hosting[bookapp-bc906]: release complete 
[info] 
[info] +  Deploy complete! 
[info] 
[info] Project Console: https://console.firebase.google.com/project/bookapp-bc906/overview
[info] Hosting URL: https://bookapp-bc906.web.app
[debug] [2023-02-04T06:25:47.866Z] Error: Timed out.
    at Timeout._onTimeout (C:\Users\91914\AppData\Roaming\npm\node_modules\firebase-tools\lib\utils.js:253:49)
    at listOnTimeout (node:internal/timers:564:17)
    at process.processTimers (node:internal/timers:507:7)
[error] 
[error] Error: An unexpected error has occurred.
[debug] [2023-02-08T05:23:09.405Z] ----------------------------------------------------------------------
[debug] [2023-02-08T05:23:09.406Z] Command:       C:\Program Files\nodejs\node.exe C:\Users\91914\AppData\Roaming\npm\node_modules\firebase-tools\lib\bin\firebase.js login
[debug] [2023-02-08T05:23:09.407Z] CLI Version:   11.22.0
[debug] [2023-02-08T05:23:09.407Z] Platform:      win32
[debug] [2023-02-08T05:23:09.407Z] Node Version:  v18.12.1
[debug] [2023-02-08T05:23:09.408Z] Time:          Wed Feb 08 2023 10:53:09 GMT+0530 (India Standard Time)
[debug] [2023-02-08T05:23:09.408Z] ----------------------------------------------------------------------
[debug] 
[debug] [2023-02-08T05:23:09.411Z] >>> [apiv2][query] GET https://firebase-public.firebaseio.com/cli.json [none]
[info] Already logged in as ak8871639@gmail.com
[debug] [2023-02-08T05:23:10.484Z] <<< [apiv2][status] GET https://firebase-public.firebaseio.com/cli.json 200
[debug] [2023-02-08T05:23:10.486Z] <<< [apiv2][body] GET https://firebase-public.firebaseio.com/cli.json {"cloudBuildErrorAfter":1594252800000,"cloudBuildWarnAfter":1590019200000,"defaultNode10After":1594252800000,"minVersion":"3.0.5","node8DeploysDisabledAfter":1613390400000,"node8RuntimeDisabledAfter":1615809600000,"node8WarnAfter":1600128000000}
[debug] [2023-02-08T05:23:19.555Z] Error: Timed out.
    at Timeout._onTimeout (C:\Users\91914\AppData\Roaming\npm\node_modules\firebase-tools\lib\utils.js:253:49)
    at listOnTimeout (node:internal/timers:564:17)
    at process.processTimers (node:internal/timers:507:7)
[error] 
[error] Error: An unexpected error has occurred.
[debug] [2023-02-08T05:24:05.286Z] ----------------------------------------------------------------------
[debug] [2023-02-08T05:24:05.288Z] Command:       C:\Program Files\nodejs\node.exe C:\Users\91914\AppData\Roaming\npm\node_modules\firebase-tools\lib\bin\firebase.js deploy
[debug] [2023-02-08T05:24:05.288Z] CLI Version:   11.22.0
[debug] [2023-02-08T05:24:05.288Z] Platform:      win32
[debug] [2023-02-08T05:24:05.288Z] Node Version:  v18.12.1
[debug] [2023-02-08T05:24:05.289Z] Time:          Wed Feb 08 2023 10:54:05 GMT+0530 (India Standard Time)
[debug] [2023-02-08T05:24:05.289Z] ----------------------------------------------------------------------
[debug] 
[debug] [2023-02-08T05:24:05.345Z] > command requires scopes: ["email","openid","https://www.googleapis.com/auth/cloudplatformprojects.readonly","https://www.googleapis.com/auth/firebase","https://www.googleapis.com/auth/cloud-platform"]
[debug] [2023-02-08T05:24:05.345Z] > authorizing via signed-in user (ak8871639@gmail.com)
[debug] [2023-02-08T05:24:05.345Z] [iam] checking project bookapp-bc906 for permissions ["firebase.projects.get","firebasehosting.sites.update"]
[debug] [2023-02-08T05:24:05.346Z] > refreshing access token with scopes: []
[debug] [2023-02-08T05:24:05.348Z] >>> [apiv2][query] POST https://www.googleapis.com/oauth2/v3/token [none]
[debug] [2023-02-08T05:24:05.348Z] >>> [apiv2][body] POST https://www.googleapis.com/oauth2/v3/token [omitted]
[debug] [2023-02-08T05:24:06.223Z] <<< [apiv2][status] POST https://www.googleapis.com/oauth2/v3/token 200
[debug] [2023-02-08T05:24:06.224Z] <<< [apiv2][body] POST https://www.googleapis.com/oauth2/v3/token [omitted]
[debug] [2023-02-08T05:24:06.246Z] >>> [apiv2][query] POST https://cloudresourcemanager.googleapis.com/v1/projects/bookapp-bc906:testIamPermissions [none]
[debug] [2023-02-08T05:24:06.246Z] >>> [apiv2][(partial)header] POST https://cloudresourcemanager.googleapis.com/v1/projects/bookapp-bc906:testIamPermissions x-goog-quota-user=projects/bookapp-bc906
[debug] [2023-02-08T05:24:06.247Z] >>> [apiv2][body] POST https://cloudresourcemanager.googleapis.com/v1/projects/bookapp-bc906:testIamPermissions {"permissions":["firebase.projects.get","firebasehosting.sites.update"]}
[debug] [2023-02-08T05:24:08.455Z] <<< [apiv2][status] POST https://cloudresourcemanager.googleapis.com/v1/projects/bookapp-bc906:testIamPermissions 200
[debug] [2023-02-08T05:24:08.455Z] <<< [apiv2][body] POST https://cloudresourcemanager.googleapis.com/v1/projects/bookapp-bc906:testIamPermissions {"permissions":["firebase.projects.get","firebasehosting.sites.update"]}
[debug] [2023-02-08T05:24:08.456Z] >>> [apiv2][query] GET https://firebase.googleapis.com/v1beta1/projects/bookapp-bc906 [none]
[debug] [2023-02-08T05:24:09.483Z] <<< [apiv2][status] GET https://firebase.googleapis.com/v1beta1/projects/bookapp-bc906 200
[debug] [2023-02-08T05:24:09.483Z] <<< [apiv2][body] GET https://firebase.googleapis.com/v1beta1/projects/bookapp-bc906 {"projectId":"bookapp-bc906","projectNumber":"405049868830","displayName":"googlebookapp","name":"projects/bookapp-bc906","resources":{"hostingSite":"bookapp-bc906"},"state":"ACTIVE","etag":"1_a970bb23-31aa-4176-af8f-7f4dbf9aa96e"}
[info] 
[info] === Deploying to 'bookapp-bc906'...
[info] 
[info] i  deploying hosting 
[debug] [2023-02-08T05:24:09.490Z] >>> [apiv2][query] POST https://firebasehosting.googleapis.com/v1beta1/projects/-/sites/bookapp-bc906/versions [none]
[debug] [2023-02-08T05:24:09.490Z] >>> [apiv2][body] POST https://firebasehosting.googleapis.com/v1beta1/projects/-/sites/bookapp-bc906/versions {"status":"CREATED","labels":{"deployment-tool":"cli-firebase"}}
[debug] [2023-02-08T05:24:11.622Z] <<< [apiv2][status] POST https://firebasehosting.googleapis.com/v1beta1/projects/-/sites/bookapp-bc906/versions 200
[debug] [2023-02-08T05:24:11.622Z] <<< [apiv2][body] POST https://firebasehosting.googleapis.com/v1beta1/projects/-/sites/bookapp-bc906/versions {"name":"projects/405049868830/sites/bookapp-bc906/versions/933a254fd6c8377b","status":"CREATED","config":{},"labels":{"deployment-tool":"cli-firebase"}}
[info] i  hosting[bookapp-bc906]: beginning deploy... 
[info] i  hosting[bookapp-bc906]: found 15 files in build 
[debug] [2023-02-08T05:24:30.562Z] [hosting] uploading with 200 concurrency
[debug] [2023-02-08T05:24:30.735Z] [hosting] hash cache [YnVpbGQ] stored for 15 files
[debug] [2023-02-08T05:24:30.735Z] [hosting][hash queue][FINAL] {"max":139,"min":7,"avg":34.06666666666667,"active":0,"complete":15,"success":15,"errored":0,"retried":0,"total":15,"elapsed":162}
[debug] [2023-02-08T05:24:30.735Z] >>> [apiv2][query] POST https://firebasehosting.googleapis.com/v1beta1/projects/405049868830/sites/bookapp-bc906/versions/933a254fd6c8377b:populateFiles [none]
[debug] [2023-02-08T05:24:30.735Z] >>> [apiv2][body] POST https://firebasehosting.googleapis.com/v1beta1/projects/405049868830/sites/bookapp-bc906/versions/933a254fd6c8377b:populateFiles {"files":{"/favicon.ico":"eae62e993eb980ec8a25058c39d5a51feab118bd2100c4deebb2a9c158ec11f9","/logo192.png":"3ee59515172ee198f3be375979df15ac5345183e656720a381b8872b2a39dc8b","/logo512.png":"ee7e2f3fdb8209c4b6fd7bef6ba50d1b9dba30a25bb5c3126df057e1cb6f5331","/manifest.json":"aff3449bdc238776f5d6d967f19ec491b36aed5fb7f23ccff6500736fd58494a","/robots.txt":"bfe106a3fb878dc83461c86818bf74fc1bdc7f28538ba613cd3e775516ce8b49","/asset-manifest.json":"2034d00c01d0617ee10994bb85eff755aa9515cad0dca9f389b2baf8e511b820","/index.html":"e61a653414511e66463ff85ca68fb53a7ef050c87fa15c8484405cea5f658426","/static/js/787.f5db70bc.chunk.js":"81357b082cd1df9a033919889f30a8451f9387c33a97ed9262e724c742933aaa","/static/js/787.f5db70bc.chunk.js.map":"7f08e7f4fc93f5dc531253f5ca3b94bf507fcef5b548af02bef65924f88418b3","/static/js/main.a4bd0633.js.LICENSE.txt":"976dbd7959365ef7e9cf4ca4d0a89827ca0f29314c7e306e33ccc3e7c14ba767","/static/media/logo.6ce24c58023cc2f8fd88fe9d219db6c6.svg":"ac1a3d8899432561573d6a5cf56459437c09b902599a1deb91c0f8d4bb40459d","/static/css/main.68841a8d.css":"b2256f2b760dddad50b985e50b2ee218a8f4761f4bc4c328f0ddcad569713a33","/static/js/main.a4bd0633.js":"b98b93b47290a4a3f07d4374c5f28a840da6fb77ef2c9f91dbf48fd450cd0781","/static/css/main.68841a8d.css.map":"40dfbce447d39af926d17d34db8c408d0d94412816e02b5d4a892dee5e297aca","/static/js/main.a4bd0633.js.map":"41d69a73ad7cf276bc4c1952fe015bb5540151255dd4ebd88f82daaa80ca3463"}}
[debug] [2023-02-08T05:24:32.111Z] <<< [apiv2][status] POST https://firebasehosting.googleapis.com/v1beta1/projects/405049868830/sites/bookapp-bc906/versions/933a254fd6c8377b:populateFiles 200
[debug] [2023-02-08T05:24:32.111Z] <<< [apiv2][body] POST https://firebasehosting.googleapis.com/v1beta1/projects/405049868830/sites/bookapp-bc906/versions/933a254fd6c8377b:populateFiles {"uploadRequiredHashes":["2034d00c01d0617ee10994bb85eff755aa9515cad0dca9f389b2baf8e511b820","41d69a73ad7cf276bc4c1952fe015bb5540151255dd4ebd88f82daaa80ca3463","b98b93b47290a4a3f07d4374c5f28a840da6fb77ef2c9f91dbf48fd450cd0781","e61a653414511e66463ff85ca68fb53a7ef050c87fa15c8484405cea5f658426"],"uploadUrl":"https://upload-firebasehosting.googleapis.com/upload/sites/bookapp-bc906/versions/933a254fd6c8377b/files"}
[debug] [2023-02-08T05:24:32.113Z] >>> [apiv2][query] POST https://upload-firebasehosting.googleapis.com/upload/sites/bookapp-bc906/versions/933a254fd6c8377b/files/2034d00c01d0617ee10994bb85eff755aa9515cad0dca9f389b2baf8e511b820 [none]
[debug] [2023-02-08T05:24:32.113Z] >>> [apiv2][body] POST https://upload-firebasehosting.googleapis.com/upload/sites/bookapp-bc906/versions/933a254fd6c8377b/files/2034d00c01d0617ee10994bb85eff755aa9515cad0dca9f389b2baf8e511b820 [stream]
[debug] [2023-02-08T05:24:32.115Z] >>> [apiv2][query] POST https://upload-firebasehosting.googleapis.com/upload/sites/bookapp-bc906/versions/933a254fd6c8377b/files/41d69a73ad7cf276bc4c1952fe015bb5540151255dd4ebd88f82daaa80ca3463 [none]
[debug] [2023-02-08T05:24:32.115Z] >>> [apiv2][body] POST https://upload-firebasehosting.googleapis.com/upload/sites/bookapp-bc906/versions/933a254fd6c8377b/files/41d69a73ad7cf276bc4c1952fe015bb5540151255dd4ebd88f82daaa80ca3463 [stream]
[debug] [2023-02-08T05:24:32.116Z] >>> [apiv2][query] POST https://upload-firebasehosting.googleapis.com/upload/sites/bookapp-bc906/versions/933a254fd6c8377b/files/b98b93b47290a4a3f07d4374c5f28a840da6fb77ef2c9f91dbf48fd450cd0781 [none]
[debug] [2023-02-08T05:24:32.116Z] >>> [apiv2][body] POST https://upload-firebasehosting.googleapis.com/upload/sites/bookapp-bc906/versions/933a254fd6c8377b/files/b98b93b47290a4a3f07d4374c5f28a840da6fb77ef2c9f91dbf48fd450cd0781 [stream]
[debug] [2023-02-08T05:24:32.118Z] >>> [apiv2][query] POST https://upload-firebasehosting.googleapis.com/upload/sites/bookapp-bc906/versions/933a254fd6c8377b/files/e61a653414511e66463ff85ca68fb53a7ef050c87fa15c8484405cea5f658426 [none]
[debug] [2023-02-08T05:24:32.118Z] >>> [apiv2][body] POST https://upload-firebasehosting.googleapis.com/upload/sites/bookapp-bc906/versions/933a254fd6c8377b/files/e61a653414511e66463ff85ca68fb53a7ef050c87fa15c8484405cea5f658426 [stream]
[debug] [2023-02-08T05:24:32.119Z] [hosting][populate queue][FINAL] {"max":1381,"min":1381,"avg":1381,"active":0,"complete":1,"success":1,"errored":0,"retried":0,"total":1,"elapsed":1387}
[debug] [2023-02-08T05:24:32.119Z] [hosting] uploads queued: 4
[debug] [2023-02-08T05:24:34.694Z] <<< [apiv2][status] POST https://upload-firebasehosting.googleapis.com/upload/sites/bookapp-bc906/versions/933a254fd6c8377b/files/2034d00c01d0617ee10994bb85eff755aa9515cad0dca9f389b2baf8e511b820 200
[debug] [2023-02-08T05:24:34.694Z] <<< [apiv2][body] POST https://upload-firebasehosting.googleapis.com/upload/sites/bookapp-bc906/versions/933a254fd6c8377b/files/2034d00c01d0617ee10994bb85eff755aa9515cad0dca9f389b2baf8e511b820 [stream]
[debug] [2023-02-08T05:24:34.759Z] <<< [apiv2][status] POST https://upload-firebasehosting.googleapis.com/upload/sites/bookapp-bc906/versions/933a254fd6c8377b/files/e61a653414511e66463ff85ca68fb53a7ef050c87fa15c8484405cea5f658426 200
[debug] [2023-02-08T05:24:34.759Z] <<< [apiv2][body] POST https://upload-firebasehosting.googleapis.com/upload/sites/bookapp-bc906/versions/933a254fd6c8377b/files/e61a653414511e66463ff85ca68fb53a7ef050c87fa15c8484405cea5f658426 [stream]
[debug] [2023-02-08T05:24:35.004Z] <<< [apiv2][status] POST https://upload-firebasehosting.googleapis.com/upload/sites/bookapp-bc906/versions/933a254fd6c8377b/files/b98b93b47290a4a3f07d4374c5f28a840da6fb77ef2c9f91dbf48fd450cd0781 200
[debug] [2023-02-08T05:24:35.005Z] <<< [apiv2][body] POST https://upload-firebasehosting.googleapis.com/upload/sites/bookapp-bc906/versions/933a254fd6c8377b/files/b98b93b47290a4a3f07d4374c5f28a840da6fb77ef2c9f91dbf48fd450cd0781 [stream]
[debug] [2023-02-08T05:24:36.273Z] <<< [apiv2][status] POST https://upload-firebasehosting.googleapis.com/upload/sites/bookapp-bc906/versions/933a254fd6c8377b/files/41d69a73ad7cf276bc4c1952fe015bb5540151255dd4ebd88f82daaa80ca3463 200
[debug] [2023-02-08T05:24:36.274Z] <<< [apiv2][body] POST https://upload-firebasehosting.googleapis.com/upload/sites/bookapp-bc906/versions/933a254fd6c8377b/files/41d69a73ad7cf276bc4c1952fe015bb5540151255dd4ebd88f82daaa80ca3463 [stream]
[debug] [2023-02-08T05:24:36.274Z] [hosting][upload queue][FINAL] {"max":4162,"min":2583,"avg":3070.75,"active":0,"complete":4,"success":4,"errored":0,"retried":0,"total":4,"elapsed":4162}
[info] +  hosting[bookapp-bc906]: file upload complete 
[debug] [2023-02-08T05:24:36.277Z] [hosting] deploy completed after 5749ms
[debug] [2023-02-08T05:24:36.285Z] [
  {
    "config": {
      "public": "build",
      "ignore": [
        "firebase.json",
        "**/.*",
        "**/node_modules/**"
      ],
      "rewrites": [
        {
          "source": "**",
          "destination": "/index.html"
        }
      ],
      "site": "bookapp-bc906"
    },
    "version": "projects/405049868830/sites/bookapp-bc906/versions/933a254fd6c8377b"
  }
]
[info] i  hosting[bookapp-bc906]: finalizing version... 
[debug] [2023-02-08T05:24:36.291Z] >>> [apiv2][query] PATCH https://firebasehosting.googleapis.com/v1beta1/projects/-/sites/bookapp-bc906/versions/933a254fd6c8377b updateMask=status%2Cconfig
[debug] [2023-02-08T05:24:36.291Z] >>> [apiv2][body] PATCH https://firebasehosting.googleapis.com/v1beta1/projects/-/sites/bookapp-bc906/versions/933a254fd6c8377b {"status":"FINALIZED","config":{"rewrites":[{"glob":"**","path":"/index.html"}]}}
[debug] [2023-02-08T05:24:37.645Z] <<< [apiv2][status] PATCH https://firebasehosting.googleapis.com/v1beta1/projects/-/sites/bookapp-bc906/versions/933a254fd6c8377b 200
[debug] [2023-02-08T05:24:37.645Z] <<< [apiv2][body] PATCH https://firebasehosting.googleapis.com/v1beta1/projects/-/sites/bookapp-bc906/versions/933a254fd6c8377b {"name":"projects/405049868830/sites/bookapp-bc906/versions/933a254fd6c8377b","status":"FINALIZED","config":{"rewrites":[{"glob":"**","path":"/index.html"}]},"labels":{"deployment-tool":"cli-firebase"},"createTime":"2023-02-08T05:24:11.256875Z","createUser":{"email":"ak8871639@gmail.com"},"finalizeTime":"2023-02-08T05:24:37.719870Z","finalizeUser":{"email":"ak8871639@gmail.com"}}
[debug] [2023-02-08T05:24:37.645Z] [hosting] finalized version for bookapp-bc906:[object Object]
[info] +  hosting[bookapp-bc906]: version finalized 
[info] i  hosting[bookapp-bc906]: releasing new version... 
[debug] [2023-02-08T05:24:37.647Z] >>> [apiv2][query] POST https://firebasehosting.googleapis.com/v1beta1/projects/-/sites/bookapp-bc906/channels/live/releases versionName=projects%2F405049868830%2Fsites%2Fbookapp-bc906%2Fversions%2F933a254fd6c8377b
[debug] [2023-02-08T05:24:37.648Z] >>> [apiv2][body] POST https://firebasehosting.googleapis.com/v1beta1/projects/-/sites/bookapp-bc906/channels/live/releases {}
[debug] [2023-02-08T05:24:39.281Z] <<< [apiv2][status] POST https://firebasehosting.googleapis.com/v1beta1/projects/-/sites/bookapp-bc906/channels/live/releases 200
[debug] [2023-02-08T05:24:39.281Z] <<< [apiv2][body] POST https://firebasehosting.googleapis.com/v1beta1/projects/-/sites/bookapp-bc906/channels/live/releases {"name":"projects/405049868830/sites/bookapp-bc906/channels/live/releases/1675833878774000","version":{"name":"projects/405049868830/sites/bookapp-bc906/versions/933a254fd6c8377b","status":"FINALIZED","config":{"rewrites":[{"glob":"**","path":"/index.html"}]},"labels":{"deployment-tool":"cli-firebase"},"createTime":"2023-02-08T05:24:11.256875Z","createUser":{"email":"ak8871639@gmail.com","imageUrl":"https://lh3.googleusercontent.com/a/AEdFTp6eS2BJ5UC3TJXWdqalqv7QWh2awYDAqSPP7GbH=mo"},"finalizeTime":"2023-02-08T05:24:37.719870Z","finalizeUser":{"email":"ak8871639@gmail.com","imageUrl":"https://lh3.googleusercontent.com/a/AEdFTp6eS2BJ5UC3TJXWdqalqv7QWh2awYDAqSPP7GbH=mo"}},"type":"DEPLOY","releaseTime":"2023-02-08T05:24:38.774Z","releaseUser":{"email":"ak8871639@gmail.com","imageUrl":"https://lh3.googleusercontent.com/a/AEdFTp6eS2BJ5UC3TJXWdqalqv7QWh2awYDAqSPP7GbH=mo"}}
[debug] [2023-02-08T05:24:39.281Z] [hosting] release: {"name":"projects/405049868830/sites/bookapp-bc906/channels/live/releases/1675833878774000","version":{"name":"projects/405049868830/sites/bookapp-bc906/versions/933a254fd6c8377b","status":"FINALIZED","config":{"rewrites":[{"glob":"**","path":"/index.html"}]},"labels":{"deployment-tool":"cli-firebase"},"createTime":"2023-02-08T05:24:11.256875Z","createUser":{"email":"ak8871639@gmail.com","imageUrl":"https://lh3.googleusercontent.com/a/AEdFTp6eS2BJ5UC3TJXWdqalqv7QWh2awYDAqSPP7GbH=mo"},"finalizeTime":"2023-02-08T05:24:37.719870Z","finalizeUser":{"email":"ak8871639@gmail.com","imageUrl":"https://lh3.googleusercontent.com/a/AEdFTp6eS2BJ5UC3TJXWdqalqv7QWh2awYDAqSPP7GbH=mo"}},"type":"DEPLOY","releaseTime":"2023-02-08T05:24:38.774Z","releaseUser":{"email":"ak8871639@gmail.com","imageUrl":"https://lh3.googleusercontent.com/a/AEdFTp6eS2BJ5UC3TJXWdqalqv7QWh2awYDAqSPP7GbH=mo"}}
[info] +  hosting[bookapp-bc906]: release complete 
[info] 
[info] +  Deploy complete! 
[info] 
[info] Project Console: https://console.firebase.google.com/project/bookapp-bc906/overview
[info] Hosting URL: https://bookapp-bc906.web.app
[debug] [2023-02-08T05:25:10.365Z] Error: Timed out.
    at Timeout._onTimeout (C:\Users\91914\AppData\Roaming\npm\node_modules\firebase-tools\lib\utils.js:253:49)
    at listOnTimeout (node:internal/timers:564:17)
    at process.processTimers (node:internal/timers:507:7)
[error] 
[error] Error: An unexpected error has occurred.
